<?xml version="1.0" encoding="UTF-8"?>
<testsuite xmlns:xsi="http://www.w3.org/2001/XMLSchema-instance" xsi:noNamespaceSchemaLocation="https://maven.apache.org/surefire/maven-surefire-plugin/xsd/surefire-test-report-3.0.xsd" version="3.0" name="classes.AddressTest" time="0.067" tests="8" errors="0" skipped="0" failures="0">
  <properties>
[...]
</properties>
  <testcase name="testStreetAddress1GetterAndSetter" classname="classes.AddressTest" time="0.033"/>
  <testcase name="testGetAddressInfo_EmptyFields" classname="classes.AddressTest" time="0.001"/>
  <testcase name="testStateGetterAndSetter" classname="classes.AddressTest" time="0"/>
  <testcase name="testCityGetterAndSetter" classname="classes.AddressTest" time="0.001"/>
  <testcase name="testZipCodeGetterAndSetter" classname="classes.AddressTest" time="0.001"/>
  <testcase name="testGetAddressInfo_PartialFieldsSet" classname="classes.AddressTest" time="0.001"/>
  <testcase name="testGetAddressInfo_AllFieldsSet" classname="classes.AddressTest" time="0.001"/>
  <testcase name="testStreetAddress2GetterAndSetter" classname="classes.AddressTest" time="0.001"/>
</testsuite>